<?xml version="1.0" encoding="UTF-8"?>
<testsuite name="PasswordCheckerTest" tests="2" skipped="0" failures="0" errors="0" timestamp="2020-01-24T08:39:53" hostname="allie" time="0.019">
  <properties/>
  <testcase name="passwordIsValid()" classname="PasswordCheckerTest" time="0.017"/>
  <testcase name="passwordIsOk()" classname="PasswordCheckerTest" time="0.001"/>
  <system-out><![CDATA[It has numbers
It has Uppercases
It has lowercases
]]></system-out>
  <system-err><![CDATA[]]></system-err>
</testsuite>
